<?xml version="1.0" encoding="UTF-8"?>
<coverage generated="1619977020016" clover="3.2.0">
  <project timestamp="1619977020016" name="All files">
    <metrics statements="84" coveredstatements="84" conditionals="43" coveredconditionals="42" methods="19"
             coveredmethods="19" elements="146" coveredelements="145" complexity="0" loc="84" ncloc="84" packages="2"
             files="5" classes="5"/>
    <package name="implementations">
      <metrics statements="74" coveredstatements="74" conditionals="41" coveredconditionals="40" methods="16"
               coveredmethods="16"/>
      <file name="binary-tree-search.ts"
            path="/home/natalia/evolution/evo-ts-bootcamp/homeworks/03-data-structure/implementations/binary-tree-search.ts">
        <metrics statements="13" coveredstatements="13" conditionals="10" coveredconditionals="10" methods="4"
                 coveredmethods="4"/>
        <line num="1" count="1" type="stmt"/>
        <line num="5" count="1" type="stmt"/>
        <line num="7" count="1" type="stmt"/>
        <line num="8" count="1" type="cond" truecount="2" falsecount="0"/>
        <line num="11" count="1" type="stmt"/>
        <line num="12" count="4" type="stmt"/>
        <line num="15" count="1" type="stmt"/>
        <line num="16" count="13" type="cond" truecount="2" falsecount="0"/>
        <line num="17" count="3" type="cond" truecount="2" falsecount="0"/>
        <line num="20" count="10" type="cond" truecount="2" falsecount="0"/>
        <line num="21" count="8" type="cond" truecount="2" falsecount="0"/>
        <line num="24" count="2" type="stmt"/>
        <line num="26" count="1" type="stmt"/>
      </file>
      <file name="binary-tree.ts"
            path="/home/natalia/evolution/evo-ts-bootcamp/homeworks/03-data-structure/implementations/binary-tree.ts">
        <metrics statements="42" coveredstatements="42" conditionals="23" coveredconditionals="22" methods="10"
                 coveredmethods="10"/>
        <line num="2" count="2" type="stmt"/>
        <line num="3" count="2" type="stmt"/>
        <line num="5" count="2" type="stmt"/>
        <line num="7" count="4" type="stmt"/>
        <line num="10" count="2" type="stmt"/>
        <line num="11" count="9" type="stmt"/>
        <line num="14" count="2" type="stmt"/>
        <line num="15" count="1" type="stmt"/>
        <line num="16" count="1" type="stmt"/>
        <line num="19" count="2" type="stmt"/>
        <line num="20" count="4" type="cond" truecount="2" falsecount="0"/>
        <line num="22" count="3" type="stmt"/>
        <line num="25" count="2" type="stmt"/>
        <line num="26" count="195" type="cond" truecount="2" falsecount="0"/>
        <line num="28" count="93" type="cond" truecount="2" falsecount="0"/>
        <line num="29" count="93" type="stmt"/>
        <line num="36" count="2" type="stmt"/>
        <line num="37" count="81" type="cond" truecount="2" falsecount="0"/>
        <line num="39" count="39" type="stmt"/>
        <line num="40" count="39" type="stmt"/>
        <line num="42" count="39" type="stmt"/>
        <line num="44" count="13" type="stmt"/>
        <line num="46" count="13" type="stmt"/>
        <line num="48" count="13" type="stmt"/>
        <line num="52" count="2" type="stmt"/>
        <line num="53" count="14" type="cond" truecount="2" falsecount="0"/>
        <line num="55" count="13" type="stmt"/>
        <line num="56" count="44" type="stmt"/>
        <line num="57" count="13" type="stmt"/>
        <line num="60" count="2" type="stmt"/>
        <line num="61" count="72" type="cond" truecount="2" falsecount="0"/>
        <line num="63" count="72" type="cond" truecount="2" falsecount="0"/>
        <line num="64" count="23" type="cond" truecount="2" falsecount="0"/>
        <line num="65" count="12" type="stmt"/>
        <line num="66" count="12" type="stmt"/>
        <line num="69" count="11" type="stmt"/>
        <line num="72" count="49" type="cond" truecount="1" falsecount="1"/>
        <line num="73" count="49" type="cond" truecount="2" falsecount="0"/>
        <line num="74" count="16" type="stmt"/>
        <line num="75" count="16" type="stmt"/>
        <line num="78" count="33" type="stmt"/>
        <line num="82" count="2" type="stmt"/>
      </file>
      <file name="merge-sort.ts"
            path="/home/natalia/evolution/evo-ts-bootcamp/homeworks/03-data-structure/implementations/merge-sort.ts">
        <metrics statements="19" coveredstatements="19" conditionals="8" coveredconditionals="8" methods="2"
                 coveredmethods="2"/>
        <line num="3" count="1" type="stmt"/>
        <line num="4" count="2000" type="cond" truecount="2" falsecount="0"/>
        <line num="5" count="1001" type="stmt"/>
        <line num="7" count="999" type="stmt"/>
        <line num="9" count="999" type="stmt"/>
        <line num="10" count="999" type="stmt"/>
        <line num="12" count="999" type="stmt"/>
        <line num="16" count="999" type="stmt"/>
        <line num="17" count="999" type="stmt"/>
        <line num="19" count="999" type="cond" truecount="2" falsecount="0"/>
        <line num="20" count="9976" type="cond" truecount="2" falsecount="0"/>
        <line num="21" count="649" type="stmt"/>
        <line num="22" count="649" type="stmt"/>
        <line num="23" count="9327" type="cond" truecount="2" falsecount="0"/>
        <line num="24" count="4395" type="stmt"/>
        <line num="25" count="4395" type="stmt"/>
        <line num="27" count="4932" type="stmt"/>
        <line num="28" count="4932" type="stmt"/>
        <line num="32" count="999" type="stmt"/>
      </file>
    </package>
    <package name="models">
      <metrics statements="10" coveredstatements="10" conditionals="2" coveredconditionals="2" methods="3"
               coveredmethods="3"/>
      <file name="traverse-type.ts"
            path="/home/natalia/evolution/evo-ts-bootcamp/homeworks/03-data-structure/models/traverse-type.ts">
        <metrics statements="5" coveredstatements="5" conditionals="2" coveredconditionals="2" methods="1"
                 coveredmethods="1"/>
        <line num="1" count="2" type="cond" truecount="2" falsecount="0"/>
        <line num="2" count="2" type="stmt"/>
        <line num="3" count="2" type="stmt"/>
        <line num="4" count="2" type="stmt"/>
        <line num="5" count="2" type="stmt"/>
      </file>
      <file name="tree-node.ts"
            path="/home/natalia/evolution/evo-ts-bootcamp/homeworks/03-data-structure/models/tree-node.ts">
        <metrics statements="5" coveredstatements="5" conditionals="0" coveredconditionals="0" methods="2"
                 coveredmethods="2"/>
        <line num="1" count="2" type="stmt"/>
        <line num="5" count="33" type="stmt"/>
        <line num="6" count="33" type="stmt"/>
        <line num="7" count="33" type="stmt"/>
        <line num="9" count="2" type="stmt"/>
      </file>
    </package>
  </project>
</coverage>
