TN:
SF:implementations/binary-tree-search.ts
FN:5,(anonymous_6)
FN:7,BinarySearchTree
FN:11,(anonymous_8)
FN:15,(anonymous_9)
FNF:4
FNH:4
FNDA:1,(anonymous_6)
FNDA:1,BinarySearchTree
FNDA:4,(anonymous_8)
FNDA:13,(anonymous_9)
DA:1,1
DA:5,1
DA:7,1
DA:8,1
DA:11,1
DA:12,4
DA:15,1
DA:16,13
DA:17,3
DA:20,10
DA:21,8
DA:24,2
DA:26,1
LF:13
LH:13
BRDA:8,0,0,1
BRDA:8,0,1,1
BRDA:16,1,0,3
BRDA:16,1,1,10
BRDA:17,2,0,2
BRDA:17,2,1,1
BRDA:20,3,0,8
BRDA:20,3,1,2
BRDA:21,4,0,7
BRDA:21,4,1,1
BRF:10
BRH:10
end_of_record
TN:
SF:implementations/binary-tree.ts
FN:5,(anonymous_1)
FN:7,BinaryTree
FN:10,(anonymous_3)
FN:14,(anonymous_4)
FN:19,(anonymous_5)
FN:25,(anonymous_6)
FN:36,(anonymous_7)
FN:52,(anonymous_8)
FN:56,(anonymous_9)
FN:60,(anonymous_10)
FNF:10
FNH:10
FNDA:2,(anonymous_1)
FNDA:4,BinaryTree
FNDA:9,(anonymous_3)
FNDA:1,(anonymous_4)
FNDA:4,(anonymous_5)
FNDA:195,(anonymous_6)
FNDA:81,(anonymous_7)
FNDA:14,(anonymous_8)
FNDA:44,(anonymous_9)
FNDA:72,(anonymous_10)
DA:2,2
DA:3,2
DA:5,2
DA:7,4
DA:10,2
DA:11,9
DA:14,2
DA:15,1
DA:16,1
DA:19,2
DA:20,4
DA:22,3
DA:25,2
DA:26,195
DA:28,93
DA:29,93
DA:36,2
DA:37,81
DA:39,39
DA:40,39
DA:42,39
DA:44,13
DA:46,13
DA:48,13
DA:52,2
DA:53,14
DA:55,13
DA:56,44
DA:57,13
DA:60,2
DA:61,72
DA:63,72
DA:64,23
DA:65,12
DA:66,12
DA:69,11
DA:72,49
DA:73,49
DA:74,16
DA:75,16
DA:78,33
DA:82,2
LF:42
LH:42
BRDA:20,0,0,1
BRDA:20,0,1,3
BRDA:26,1,0,102
BRDA:26,1,1,93
BRDA:28,2,0,15
BRDA:28,2,1,78
BRDA:37,3,0,42
BRDA:37,3,1,39
BRDA:43,4,0,13
BRDA:43,4,1,13
BRDA:43,4,2,13
BRDA:53,5,0,1
BRDA:53,5,1,13
BRDA:61,6,0,72
BRDA:61,6,1,24
BRDA:63,7,0,23
BRDA:63,7,1,49
BRDA:64,8,0,12
BRDA:64,8,1,11
BRDA:72,9,0,49
BRDA:72,9,1,0
BRDA:73,10,0,16
BRDA:73,10,1,33
BRF:23
BRH:22
end_of_record
TN:
SF:implementations/merge-sort.ts
FN:3,(anonymous_0)
FN:15,merge
FNF:2
FNH:2
FNDA:2000,(anonymous_0)
FNDA:999,merge
DA:3,1
DA:4,2000
DA:5,1001
DA:7,999
DA:9,999
DA:10,999
DA:12,999
DA:16,999
DA:17,999
DA:19,999
DA:20,9976
DA:21,649
DA:22,649
DA:23,9327
DA:24,4395
DA:25,4395
DA:27,4932
DA:28,4932
DA:32,999
LF:19
LH:19
BRDA:4,0,0,1001
BRDA:4,0,1,999
BRDA:19,1,0,10975
BRDA:19,1,1,1648
BRDA:20,2,0,649
BRDA:20,2,1,9327
BRDA:23,3,0,4395
BRDA:23,3,1,4932
BRF:8
BRH:8
end_of_record
TN:
SF:models/traverse-type.ts
FN:1,(anonymous_0)
FNF:1
FNH:1
FNDA:2,(anonymous_0)
DA:1,2
DA:2,2
DA:3,2
DA:4,2
DA:5,2
LF:5
LH:5
BRDA:1,0,0,2
BRDA:1,0,1,2
BRF:2
BRH:2
end_of_record
TN:
SF:models/tree-node.ts
FN:1,(anonymous_0)
FN:5,TreeNode
FNF:2
FNH:2
FNDA:2,(anonymous_0)
FNDA:33,TreeNode
DA:1,2
DA:5,33
DA:6,33
DA:7,33
DA:9,2
LF:5
LH:5
BRF:0
BRH:0
end_of_record
